d:\cpo_course\-ourseprojectkpo\course\dsv-2024\lplab10_git\debug\vc143.pdb
d:\cpo_course\-ourseprojectkpo\course\dsv-2024\lplab10_git\debug\vc143.idb
d:\cpo_course\-ourseprojectkpo\course\dsv-2024\lplab10_git\debug\test_log.obj
d:\cpo_course\-ourseprojectkpo\course\dsv-2024\lplab10_git\debug\codegeneration.obj
d:\cpo_course\-ourseprojectkpo\course\dsv-2024\lplab10_git\debug\lplab10_git.pch
d:\cpo_course\-ourseprojectkpo\course\dsv-2024\lplab10_git\debug\stdafx.obj
d:\cpo_course\-ourseprojectkpo\course\dsv-2024\lplab10_git\debug\semantics.obj
d:\cpo_course\-ourseprojectkpo\course\dsv-2024\lplab10_git\debug\in.obj
d:\cpo_course\-ourseprojectkpo\course\dsv-2024\lplab10_git\debug\polishnotation.obj
d:\cpo_course\-ourseprojectkpo\course\dsv-2024\lplab10_git\debug\parm.obj
d:\cpo_course\-ourseprojectkpo\course\dsv-2024\lplab10_git\debug\mfst.obj
d:\cpo_course\-ourseprojectkpo\course\dsv-2024\lplab10_git\debug\log.obj
d:\cpo_course\-ourseprojectkpo\course\dsv-2024\lplab10_git\debug\lexanaliz.obj
d:\cpo_course\-ourseprojectkpo\course\dsv-2024\lplab10_git\debug\lt.obj
d:\cpo_course\-ourseprojectkpo\course\dsv-2024\lplab10_git\debug\it.obj
d:\cpo_course\-ourseprojectkpo\course\dsv-2024\lplab10_git\debug\greibach.obj
d:\cpo_course\-ourseprojectkpo\course\dsv-2024\lplab10_git\debug\fst.obj
d:\cpo_course\-ourseprojectkpo\course\dsv-2024\lplab10_git\debug\error.obj
d:\cpo_course\-ourseprojectkpo\course\dsv-2024\lplab10_git\debug\div.obj
d:\cpo_course\-ourseprojectkpo\course\dsv-2024\debug\lplab10_git.exe
d:\cpo_course\-ourseprojectkpo\course\dsv-2024\debug\lplab10_git.pdb
d:\cpo_course\-ourseprojectkpo\course\dsv-2024\debug\lplab10_git.lib
d:\cpo_course\-ourseprojectkpo\course\dsv-2024\debug\lplab10_git.exp
d:\cpo_course\-ourseprojectkpo\course\dsv-2024\lplab10_git\debug\lplab10_git.ilk
d:\cpo_course\-ourseprojectkpo\course\dsv-2024\lplab10_git\debug\semantics.obj.enc
d:\cpo_course\-ourseprojectkpo\course\dsv-2024\lplab10_git\debug\lplab10_git.tlog\cl.command.1.tlog
d:\cpo_course\-ourseprojectkpo\course\dsv-2024\lplab10_git\debug\lplab10_git.tlog\cl.items.tlog
d:\cpo_course\-ourseprojectkpo\course\dsv-2024\lplab10_git\debug\lplab10_git.tlog\cl.read.1.tlog
d:\cpo_course\-ourseprojectkpo\course\dsv-2024\lplab10_git\debug\lplab10_git.tlog\cl.write.1.tlog
d:\cpo_course\-ourseprojectkpo\course\dsv-2024\lplab10_git\debug\lplab10_git.tlog\link.command.1.tlog
d:\cpo_course\-ourseprojectkpo\course\dsv-2024\lplab10_git\debug\lplab10_git.tlog\link.read.1.tlog
d:\cpo_course\-ourseprojectkpo\course\dsv-2024\lplab10_git\debug\lplab10_git.tlog\link.secondary.1.tlog
d:\cpo_course\-ourseprojectkpo\course\dsv-2024\lplab10_git\debug\lplab10_git.tlog\link.write.1.tlog
